#-----------------------------------------------------------
# Vivado v2019.1 (64-bit)
# SW Build 2552052 on Fri May 24 14:49:42 MDT 2019
# IP Build 2548770 on Fri May 24 18:01:18 MDT 2019
# Start of session at: Thu Jan  2 11:50:05 2020
# Process ID: 11172
# Current directory: C:/Users/maria/Desktop/trabajo_vhdl_DEFINITIVO - copia
# Command line: vivado.exe -gui_launcher_event rodinguilauncherevent16900 C:\Users\maria\Desktop\trabajo_vhdl_DEFINITIVO - copia\trabajo_vhdl.xpr
# Log file: C:/Users/maria/Desktop/trabajo_vhdl_DEFINITIVO - copia/vivado.log
# Journal file: C:/Users/maria/Desktop/trabajo_vhdl_DEFINITIVO - copia\vivado.jou
#-----------------------------------------------------------
start_gui
open_project {C:/Users/maria/Desktop/trabajo_vhdl_DEFINITIVO - copia/trabajo_vhdl.xpr}
Scanning sources...
Finished scanning sources
INFO: [IP_Flow 19-234] Refreshing IP repositories
INFO: [IP_Flow 19-1704] No user IP repositories specified
INFO: [IP_Flow 19-2313] Loaded Vivado IP repository 'C:/Xilinx/Vivado/2019.1/data/ip'.
update_compile_order -fileset sources_1
launch_simulation
INFO: [Vivado 12-5682] Launching behavioral simulation in 'C:/Users/maria/Desktop/trabajo_vhdl_DEFINITIVO - copia/trabajo_vhdl.sim/sim_1/behav/xsim'
INFO: [SIM-utils-51] Simulation object is 'sim_1'
INFO: [SIM-utils-54] Inspecting design source files for 'display_tb' in fileset 'sim_1'...
INFO: [USF-XSim-97] Finding global include files...
INFO: [USF-XSim-98] Fetching design files from 'sim_1'...
INFO: [USF-XSim-2] XSim::Compile design
INFO: [USF-XSim-61] Executing 'COMPILE and ANALYZE' step in 'C:/Users/maria/Desktop/trabajo_vhdl_DEFINITIVO - copia/trabajo_vhdl.sim/sim_1/behav/xsim'
"xvhdl --incr --relax -prj display_tb_vhdl.prj"
INFO: [USF-XSim-69] 'compile' step finished in '1' seconds
INFO: [USF-XSim-3] XSim::Elaborate design
INFO: [USF-XSim-61] Executing 'ELABORATE' step in 'C:/Users/maria/Desktop/trabajo_vhdl_DEFINITIVO - copia/trabajo_vhdl.sim/sim_1/behav/xsim'
"xelab -wto e33450d233b742029fbaeed272b20b36 --incr --debug typical --relax --mt 2 -L xil_defaultlib -L secureip --snapshot display_tb_behav xil_defaultlib.display_tb -log elaborate.log"
Vivado Simulator 2019.1
Copyright 1986-1999, 2001-2019 Xilinx, Inc. All Rights Reserved.
Running: C:/Xilinx/Vivado/2019.1/bin/unwrapped/win64.o/xelab.exe -wto e33450d233b742029fbaeed272b20b36 --incr --debug typical --relax --mt 2 -L xil_defaultlib -L secureip --snapshot display_tb_behav xil_defaultlib.display_tb -log elaborate.log 
Using 2 slave threads.
Starting static elaboration
Completed static elaboration
INFO: [XSIM 43-4323] No Change in HDL. Linking previously generated obj files to create kernel
INFO: [USF-XSim-69] 'elaborate' step finished in '2' seconds
INFO: [USF-XSim-4] XSim::Simulate design
INFO: [USF-XSim-61] Executing 'SIMULATE' step in 'C:/Users/maria/Desktop/trabajo_vhdl_DEFINITIVO - copia/trabajo_vhdl.sim/sim_1/behav/xsim'
INFO: [USF-XSim-98] *** Running xsim
   with args "display_tb_behav -key {Behavioral:sim_1:Functional:display_tb} -tclbatch {display_tb.tcl} -log {simulate.log}"
INFO: [USF-XSim-8] Loading simulator feature
Vivado Simulator 2019.1
Time resolution is 1 ps
source display_tb.tcl
# set curr_wave [current_wave_config]
# if { [string length $curr_wave] == 0 } {
#   if { [llength [get_objects]] > 0} {
#     add_wave /
#     set_property needs_save false [current_wave_config]
#   } else {
#      send_msg_id Add_Wave-1 WARNING "No top level signals found. Simulator will start without a wave window. If you want to open a wave window go to 'File->New Waveform Configuration' or type 'create_wave_config' in the TCL console."
#   }
# }
# run 1000ns
xsim: Time (s): cpu = 00:00:08 ; elapsed = 00:00:05 . Memory (MB): peak = 828.574 ; gain = 41.578
INFO: [USF-XSim-96] XSim completed. Design snapshot 'display_tb_behav' loaded.
INFO: [USF-XSim-97] XSim simulation ran for 1000ns
launch_simulation: Time (s): cpu = 00:00:11 ; elapsed = 00:00:11 . Memory (MB): peak = 828.574 ; gain = 41.578
reset_run synth_1
WARNING: [Vivado 12-1017] Problems encountered:
1. Failed to delete one or more files in run directory C:/Users/maria/Desktop/trabajo_vhdl_DEFINITIVO - copia/trabajo_vhdl.runs/synth_1

launch_runs synth_1 -jobs 6
[Thu Jan  2 11:50:47 2020] Launched synth_1...
Run output will be captured here: C:/Users/maria/Desktop/trabajo_vhdl_DEFINITIVO - copia/trabajo_vhdl.runs/synth_1/runme.log
launch_runs impl_1 -jobs 6
[Thu Jan  2 11:51:32 2020] Launched impl_1...
Run output will be captured here: C:/Users/maria/Desktop/trabajo_vhdl_DEFINITIVO - copia/trabajo_vhdl.runs/impl_1/runme.log
open_run impl_1
INFO: [Device 21-403] Loading part xc7a100tcsg324-1
INFO: [Netlist 29-17] Analyzing 45 Unisim elements for replacement
INFO: [Netlist 29-28] Unisim Transformation completed in 0 CPU seconds
INFO: [Project 1-479] Netlist was created with Vivado 2019.1
INFO: [Project 1-570] Preparing netlist for logic optimization
INFO: [Timing 38-478] Restoring timing data from binary archive.
INFO: [Timing 38-479] Binary timing data restore complete.
INFO: [Project 1-856] Restoring constraints from binary archive.
INFO: [Project 1-853] Binary constraint restore complete.
Reading XDEF placement.
Reading placer database...
Reading XDEF routing.
Read XDEF File: Time (s): cpu = 00:00:00 ; elapsed = 00:00:00.079 . Memory (MB): peak = 1722.691 ; gain = 0.000
Restored from archive | CPU: 0.000000 secs | Memory: 0.000000 MB |
Finished XDEF File Restore: Time (s): cpu = 00:00:00 ; elapsed = 00:00:00.079 . Memory (MB): peak = 1722.691 ; gain = 0.000
Netlist sorting complete. Time (s): cpu = 00:00:00 ; elapsed = 00:00:00 . Memory (MB): peak = 1722.691 ; gain = 0.000
INFO: [Project 1-111] Unisim Transformation Summary:
No Unisim elements were transformed.

open_run: Time (s): cpu = 00:00:25 ; elapsed = 00:00:19 . Memory (MB): peak = 1858.422 ; gain = 1029.848
WARNING: [Timing 38-313] There are no user specified timing constraints. Timing constraints are needed for proper timing analysis.
close_sim
INFO: [Simtcl 6-16] Simulation closed
exit
INFO: [Common 17-206] Exiting Vivado at Thu Jan  2 11:54:23 2020...
