#-----------------------------------------------------------
# Vivado v2019.1 (64-bit)
# SW Build 2552052 on Fri May 24 14:49:42 MDT 2019
# IP Build 2548770 on Fri May 24 18:01:18 MDT 2019
# Start of session at: Wed Jan  1 19:51:22 2020
# Process ID: 2768
# Current directory: C:/Users/maria/Desktop/trabajo_vhdl_DEFINITIVO
# Command line: vivado.exe -gui_launcher_event rodinguilauncherevent1612 C:\Users\maria\Desktop\trabajo_vhdl_DEFINITIVO\trabajo_vhdl.xpr
# Log file: C:/Users/maria/Desktop/trabajo_vhdl_DEFINITIVO/vivado.log
# Journal file: C:/Users/maria/Desktop/trabajo_vhdl_DEFINITIVO\vivado.jou
#-----------------------------------------------------------
start_gui
open_project C:/Users/maria/Desktop/trabajo_vhdl_DEFINITIVO/trabajo_vhdl.xpr
INFO: [Project 1-313] Project file moved from 'C:/Users/maria/Desktop/trabajo_vhdl' since last save.
Scanning sources...
Finished scanning sources
INFO: [IP_Flow 19-234] Refreshing IP repositories
INFO: [IP_Flow 19-1704] No user IP repositories specified
INFO: [IP_Flow 19-2313] Loaded Vivado IP repository 'C:/Xilinx/Vivado/2019.1/data/ip'.
open_project: Time (s): cpu = 00:00:12 ; elapsed = 00:00:07 . Memory (MB): peak = 728.281 ; gain = 80.453
update_compile_order -fileset sources_1
open_run synth_1 -name synth_1
Design is defaulting to impl run constrset: constrs_1
Design is defaulting to synth run part: xc7a100tcsg324-1
INFO: [Device 21-403] Loading part xc7a100tcsg324-1
INFO: [Netlist 29-17] Analyzing 45 Unisim elements for replacement
INFO: [Netlist 29-28] Unisim Transformation completed in 0 CPU seconds
INFO: [Project 1-479] Netlist was created with Vivado 2019.1
INFO: [Project 1-570] Preparing netlist for logic optimization
Parsing XDC File [C:/Users/maria/Desktop/trabajo_vhdl_DEFINITIVO/trabajo_vhdl.srcs/constrs_1/imports/Constraints/Nexys-4-DDR-Master.xdc]
Finished Parsing XDC File [C:/Users/maria/Desktop/trabajo_vhdl_DEFINITIVO/trabajo_vhdl.srcs/constrs_1/imports/Constraints/Nexys-4-DDR-Master.xdc]
INFO: [Opt 31-138] Pushed 0 inverter(s) to 0 load pin(s).
Netlist sorting complete. Time (s): cpu = 00:00:00 ; elapsed = 00:00:00 . Memory (MB): peak = 1098.086 ; gain = 0.000
INFO: [Project 1-111] Unisim Transformation Summary:
No Unisim elements were transformed.

open_run: Time (s): cpu = 00:00:16 ; elapsed = 00:00:12 . Memory (MB): peak = 1246.266 ; gain = 441.090
exit
INFO: [Common 17-206] Exiting Vivado at Wed Jan  1 20:04:51 2020...
